<?xml version="1.0" encoding="UTF-8"?>
<!-- Generated by org.testng.reporters.JUnitReportReporter -->
<testsuite hostname="AbdallahAfaneh" failures="0" tests="3" name="swaglab.Login" time="10.800" errors="0" timestamp="2023-10-24T12:49:20 AST" skipped="0">
  <testcase classname="swaglab.Login" name="LoginWithProblemUser" time="3.274"/>
  <system-out/>
  <testcase classname="swaglab.Login" name="LoginWithPerformanceUser" time="3.309"/>
  <system-out/>
  <testcase classname="swaglab.Login" name="LoginWithStandardUSer" time="4.217"/>
  <system-out/>
</testsuite> <!-- swaglab.Login -->
